<?xml version="1.0" encoding="UTF-8"?>
<!-- Generated by org.testng.reporters.JUnitXMLReporter -->
<testsuite ignored="0" hostname="Veeranjali" failures="0" tests="3" name="Test" time="59.844" errors="0" timestamp="2024-04-27T17:59:26 IST">
  <testcase classname="tests.TestRunner" name="Search" time="21.98"/>
  <testcase classname="tests.TestRunner" name="Search" time="19.946"/>
  <testcase classname="tests.SearchErrorValidations" name="ErrorValidation" time="2.013"/>
</testsuite> <!-- Test -->
