<?xml version="1.0" encoding="UTF-8"?>
<testng-results ignored="0" total="3" passed="3" failed="0" skipped="0">
  <reporter-output>
  </reporter-output>
  <suite started-at="2024-04-27T17:21:49 IST" name="Suite" finished-at="2024-04-27T17:22:45 IST" duration-ms="55842">
    <groups>
    </groups>
    <test started-at="2024-04-27T17:21:49 IST" name="Test" finished-at="2024-04-27T17:22:45 IST" duration-ms="55842">
      <class name="tests.SearchErrorValidations">
        <test-method is-config="true" signature="launchApplication()[pri:0, instance:tests.SearchErrorValidations@6eb2384f]" started-at="2024-04-27T17:22:38 IST" name="launchApplication" finished-at="2024-04-27T17:22:42 IST" duration-ms="4146" status="PASS">
          <reporter-output>
          </reporter-output>
        </test-method> <!-- launchApplication -->
        <test-method signature="ErrorValidation()[pri:0, instance:tests.SearchErrorValidations@6eb2384f]" started-at="2024-04-27T17:22:42 IST" name="ErrorValidation" finished-at="2024-04-27T17:22:45 IST" duration-ms="2157" status="PASS">
          <reporter-output>
          </reporter-output>
        </test-method> <!-- ErrorValidation -->
        <test-method is-config="true" signature="tearDown()[pri:0, instance:tests.SearchErrorValidations@6eb2384f]" started-at="2024-04-27T17:22:45 IST" name="tearDown" finished-at="2024-04-27T17:22:45 IST" duration-ms="206" status="PASS">
          <reporter-output>
          </reporter-output>
        </test-method> <!-- tearDown -->
      </class> <!-- tests.SearchErrorValidations -->
      <class name="tests.TestRunner">
        <test-method is-config="true" signature="launchApplication()[pri:0, instance:tests.TestRunner@27eedb64]" started-at="2024-04-27T17:21:49 IST" name="launchApplication" finished-at="2024-04-27T17:21:54 IST" duration-ms="4692" status="PASS">
          <reporter-output>
          </reporter-output>
        </test-method> <!-- launchApplication -->
        <test-method signature="Search(java.util.HashMap)[pri:0, instance:tests.TestRunner@27eedb64]" started-at="2024-04-27T17:21:54 IST" name="Search" data-provider="getData" finished-at="2024-04-27T17:22:14 IST" duration-ms="19720" status="PASS">
          <params>
            <param index="0">
              <value>
                <![CDATA[{arrivalAirportCity=Bengaluru, arrivalAirportCode=BLR, arrivalDate=16-06-2024}]]>
              </value>
            </param>
          </params>
          <reporter-output>
          </reporter-output>
        </test-method> <!-- Search -->
        <test-method is-config="true" signature="tearDown()[pri:0, instance:tests.TestRunner@27eedb64]" started-at="2024-04-27T17:22:14 IST" name="tearDown" finished-at="2024-04-27T17:22:14 IST" duration-ms="585" status="PASS">
          <reporter-output>
          </reporter-output>
        </test-method> <!-- tearDown -->
        <test-method is-config="true" signature="launchApplication()[pri:0, instance:tests.TestRunner@27eedb64]" started-at="2024-04-27T17:22:14 IST" name="launchApplication" finished-at="2024-04-27T17:22:19 IST" duration-ms="4528" status="PASS">
          <reporter-output>
          </reporter-output>
        </test-method> <!-- launchApplication -->
        <test-method signature="Search(java.util.HashMap)[pri:0, instance:tests.TestRunner@27eedb64]" started-at="2024-04-27T17:22:19 IST" name="Search" data-provider="getData" finished-at="2024-04-27T17:22:38 IST" duration-ms="19233" status="PASS">
          <params>
            <param index="0">
              <value>
                <![CDATA[{arrivalAirportCity=Mumbai, arrivalAirportCode=BOM, arrivalDate=16-06-2024}]]>
              </value>
            </param>
          </params>
          <reporter-output>
          </reporter-output>
        </test-method> <!-- Search -->
        <test-method is-config="true" signature="tearDown()[pri:0, instance:tests.TestRunner@27eedb64]" started-at="2024-04-27T17:22:38 IST" name="tearDown" finished-at="2024-04-27T17:22:38 IST" duration-ms="337" status="PASS">
          <reporter-output>
          </reporter-output>
        </test-method> <!-- tearDown -->
      </class> <!-- tests.TestRunner -->
    </test> <!-- Test -->
  </suite> <!-- Suite -->
</testng-results>
