<?xml version="1.0" encoding="UTF-8"?>
<testng-results ignored="0" total="2" passed="1" failed="1" skipped="0">
  <reporter-output>
  </reporter-output>
  <suite started-at="2024-04-27T15:11:00 IST" name="Default suite" finished-at="2024-04-27T15:11:29 IST" duration-ms="29706">
    <groups>
    </groups>
    <test started-at="2024-04-27T15:11:00 IST" name="Default test" finished-at="2024-04-27T15:11:29 IST" duration-ms="29706">
      <class name="tests.TestRunner">
        <test-method is-config="true" signature="launchApplication()[pri:0, instance:tests.TestRunner@5d534f5d]" started-at="2024-04-27T15:11:00 IST" name="launchApplication" finished-at="2024-04-27T15:11:05 IST" duration-ms="5090" status="PASS">
          <reporter-output>
          </reporter-output>
        </test-method> <!-- launchApplication -->
        <test-method signature="Search(java.util.HashMap)[pri:0, instance:tests.TestRunner@5d534f5d]" started-at="2024-04-27T15:11:05 IST" name="Search" data-provider="getData" finished-at="2024-04-27T15:11:23 IST" duration-ms="17895" status="PASS">
          <params>
            <param index="0">
              <value>
                <![CDATA[{arrivalAirportCity=Bengaluru, arrivalAirportCode=BLR, arrivalDate=16-06-2024}]]>
              </value>
            </param>
          </params>
          <reporter-output>
          </reporter-output>
        </test-method> <!-- Search -->
        <test-method is-config="true" signature="tearDown()[pri:0, instance:tests.TestRunner@5d534f5d]" started-at="2024-04-27T15:11:23 IST" name="tearDown" finished-at="2024-04-27T15:11:23 IST" duration-ms="340" status="PASS">
          <reporter-output>
          </reporter-output>
        </test-method> <!-- tearDown -->
        <test-method is-config="true" signature="launchApplication()[pri:0, instance:tests.TestRunner@5d534f5d]" started-at="2024-04-27T15:11:23 IST" name="launchApplication" finished-at="2024-04-27T15:11:28 IST" duration-ms="4811" status="PASS">
          <reporter-output>
          </reporter-output>
        </test-method> <!-- launchApplication -->
        <test-method signature="Search(java.util.HashMap)[pri:0, instance:tests.TestRunner@5d534f5d]" started-at="2024-04-27T15:11:28 IST" name="Search" data-provider="getData" finished-at="2024-04-27T15:11:29 IST" duration-ms="1225" status="FAIL">
          <params>
            <param index="0">
              <value>
                <![CDATA[{arrivalAirportCity=Mumbai, arrivalAirportCode=BOM, arrivalDate=16-06-2024}]]>
              </value>
            </param>
          </params>
          <exception class="org.openqa.selenium.ElementClickInterceptedException">
            <message>
              <![CDATA[element click intercepted: Element <input class="js-field-input field__input js-dropdown-open" type="component" name="Arrival airport" autocomplete="off" autocorrect="off" autocapitalize="off" id="field-f60bdf23-e3b1-4476-b483-87e3d4ca6928" aria-autocomplete="inline" aria-live="off"> is not clickable at point (867, 665). Other element would receive the click: <div class="ot-sdk-container">...</div>
  (Session info: chrome=123.0.6312.123)
Build info: version: '4.16.1', revision: '9b4c83354e'
System info: os.name: 'Windows 11', os.arch: 'amd64', os.version: '10.0', java.version: '17.0.10'
Driver info: org.openqa.selenium.chrome.ChromeDriver
Command: [448577a3cb7ff3ca401c354d4021d55a, clickElement {id=f.93927B550BB38CFA0E769969696CF581.d.36438C4E35764996B30B87433F868209.e.18}]
Capabilities {acceptInsecureCerts: false, browserName: chrome, browserVersion: 123.0.6312.123, chrome: {chromedriverVersion: 123.0.6312.122 (31f8248cdd9..., userDataDir: C:\Users\veeru\AppData\Loca...}, fedcm:accounts: true, goog:chromeOptions: {debuggerAddress: localhost:63369}, networkConnectionEnabled: false, pageLoadStrategy: normal, platformName: windows, proxy: Proxy(), se:cdp: ws://localhost:63369/devtoo..., se:cdpVersion: 123.0.6312.123, setWindowRect: true, strictFileInteractability: false, timeouts: {implicit: 0, pageLoad: 300000, script: 30000}, unhandledPromptBehavior: dismiss and notify, webauthn:extension:credBlob: true, webauthn:extension:largeBlob: true, webauthn:extension:minPinLength: true, webauthn:extension:prf: true, webauthn:virtualAuthenticators: true}
Element: [[ChromeDriver: chrome on windows (448577a3cb7ff3ca401c354d4021d55a)] -> name: Arrival airport]
Session ID: 448577a3cb7ff3ca401c354d4021d55a]]>
            </message>
            <full-stacktrace>
              <![CDATA[org.openqa.selenium.ElementClickInterceptedException: element click intercepted: Element <input class="js-field-input field__input js-dropdown-open" type="component" name="Arrival airport" autocomplete="off" autocorrect="off" autocapitalize="off" id="field-f60bdf23-e3b1-4476-b483-87e3d4ca6928" aria-autocomplete="inline" aria-live="off"> is not clickable at point (867, 665). Other element would receive the click: <div class="ot-sdk-container">...</div>
  (Session info: chrome=123.0.6312.123)
Build info: version: '4.16.1', revision: '9b4c83354e'
System info: os.name: 'Windows 11', os.arch: 'amd64', os.version: '10.0', java.version: '17.0.10'
Driver info: org.openqa.selenium.chrome.ChromeDriver
Command: [448577a3cb7ff3ca401c354d4021d55a, clickElement {id=f.93927B550BB38CFA0E769969696CF581.d.36438C4E35764996B30B87433F868209.e.18}]
Capabilities {acceptInsecureCerts: false, browserName: chrome, browserVersion: 123.0.6312.123, chrome: {chromedriverVersion: 123.0.6312.122 (31f8248cdd9..., userDataDir: C:\Users\veeru\AppData\Loca...}, fedcm:accounts: true, goog:chromeOptions: {debuggerAddress: localhost:63369}, networkConnectionEnabled: false, pageLoadStrategy: normal, platformName: windows, proxy: Proxy(), se:cdp: ws://localhost:63369/devtoo..., se:cdpVersion: 123.0.6312.123, setWindowRect: true, strictFileInteractability: false, timeouts: {implicit: 0, pageLoad: 300000, script: 30000}, unhandledPromptBehavior: dismiss and notify, webauthn:extension:credBlob: true, webauthn:extension:largeBlob: true, webauthn:extension:minPinLength: true, webauthn:extension:prf: true, webauthn:virtualAuthenticators: true}
Element: [[ChromeDriver: chrome on windows (448577a3cb7ff3ca401c354d4021d55a)] -> name: Arrival airport]
Session ID: 448577a3cb7ff3ca401c354d4021d55a
at java.base/jdk.internal.reflect.NativeConstructorAccessorImpl.newInstance0(Native Method)
at java.base/jdk.internal.reflect.NativeConstructorAccessorImpl.newInstance(NativeConstructorAccessorImpl.java:77)
at java.base/jdk.internal.reflect.DelegatingConstructorAccessorImpl.newInstance(DelegatingConstructorAccessorImpl.java:45)
at java.base/java.lang.reflect.Constructor.newInstanceWithCaller(Constructor.java:499)
at java.base/java.lang.reflect.Constructor.newInstance(Constructor.java:480)
at org.openqa.selenium.remote.codec.w3c.W3CHttpResponseCodec.createException(W3CHttpResponseCodec.java:200)
at org.openqa.selenium.remote.codec.w3c.W3CHttpResponseCodec.decode(W3CHttpResponseCodec.java:133)
at org.openqa.selenium.remote.codec.w3c.W3CHttpResponseCodec.decode(W3CHttpResponseCodec.java:52)
at org.openqa.selenium.remote.HttpCommandExecutor.execute(HttpCommandExecutor.java:191)
at org.openqa.selenium.remote.service.DriverCommandExecutor.invokeExecute(DriverCommandExecutor.java:200)
at org.openqa.selenium.remote.service.DriverCommandExecutor.execute(DriverCommandExecutor.java:175)
at org.openqa.selenium.remote.RemoteWebDriver.execute(RemoteWebDriver.java:523)
at org.openqa.selenium.remote.RemoteWebElement.execute(RemoteWebElement.java:224)
at org.openqa.selenium.remote.RemoteWebElement.click(RemoteWebElement.java:77)
at java.base/jdk.internal.reflect.NativeMethodAccessorImpl.invoke0(Native Method)
at java.base/jdk.internal.reflect.NativeMethodAccessorImpl.invoke(NativeMethodAccessorImpl.java:77)
at java.base/jdk.internal.reflect.DelegatingMethodAccessorImpl.invoke(DelegatingMethodAccessorImpl.java:43)
at java.base/java.lang.reflect.Method.invoke(Method.java:568)
at org.openqa.selenium.support.pagefactory.internal.LocatingElementHandler.invoke(LocatingElementHandler.java:51)
at jdk.proxy2/jdk.proxy2.$Proxy14.click(Unknown Source)
at pageObjects.LandingPage.SearchFlight(LandingPage.java:53)
at tests.TestRunner.Search(TestRunner.java:28)
at java.base/jdk.internal.reflect.NativeMethodAccessorImpl.invoke0(Native Method)
at java.base/jdk.internal.reflect.NativeMethodAccessorImpl.invoke(NativeMethodAccessorImpl.java:77)
at java.base/jdk.internal.reflect.DelegatingMethodAccessorImpl.invoke(DelegatingMethodAccessorImpl.java:43)
at java.base/java.lang.reflect.Method.invoke(Method.java:568)
at org.testng.internal.invokers.MethodInvocationHelper.invokeMethod(MethodInvocationHelper.java:139)
at org.testng.internal.invokers.TestInvoker.invokeMethod(TestInvoker.java:664)
at org.testng.internal.invokers.TestInvoker.invokeTestMethod(TestInvoker.java:227)
at org.testng.internal.invokers.MethodRunner.runInSequence(MethodRunner.java:50)
at org.testng.internal.invokers.TestInvoker$MethodInvocationAgent.invoke(TestInvoker.java:957)
at org.testng.internal.invokers.TestInvoker.invokeTestMethods(TestInvoker.java:200)
at org.testng.internal.invokers.TestMethodWorker.invokeTestMethods(TestMethodWorker.java:148)
at org.testng.internal.invokers.TestMethodWorker.run(TestMethodWorker.java:128)
at java.base/java.util.ArrayList.forEach(ArrayList.java:1511)
at org.testng.TestRunner.privateRun(TestRunner.java:848)
at org.testng.TestRunner.run(TestRunner.java:621)
at org.testng.SuiteRunner.runTest(SuiteRunner.java:443)
at org.testng.SuiteRunner.runSequentially(SuiteRunner.java:437)
at org.testng.SuiteRunner.privateRun(SuiteRunner.java:397)
at org.testng.SuiteRunner.run(SuiteRunner.java:336)
at org.testng.SuiteRunnerWorker.runSuite(SuiteRunnerWorker.java:52)
at org.testng.SuiteRunnerWorker.run(SuiteRunnerWorker.java:95)
at org.testng.TestNG.runSuitesSequentially(TestNG.java:1280)
at org.testng.TestNG.runSuitesLocally(TestNG.java:1200)
at org.testng.TestNG.runSuites(TestNG.java:1114)
at org.testng.TestNG.run(TestNG.java:1082)
at org.testng.remote.AbstractRemoteTestNG.run(AbstractRemoteTestNG.java:115)
at org.testng.remote.RemoteTestNG.initAndRun(RemoteTestNG.java:251)
at org.testng.remote.RemoteTestNG.main(RemoteTestNG.java:77)
]]>
            </full-stacktrace>
          </exception> <!-- org.openqa.selenium.ElementClickInterceptedException -->
          <reporter-output>
          </reporter-output>
        </test-method> <!-- Search -->
        <test-method is-config="true" signature="tearDown()[pri:0, instance:tests.TestRunner@5d534f5d]" started-at="2024-04-27T15:11:29 IST" name="tearDown" finished-at="2024-04-27T15:11:29 IST" duration-ms="85" status="PASS">
          <reporter-output>
          </reporter-output>
        </test-method> <!-- tearDown -->
      </class> <!-- tests.TestRunner -->
    </test> <!-- Default test -->
  </suite> <!-- Default suite -->
</testng-results>
